0 info it worked if it ends with ok
1 verbose cli [ '/usr/local/bin/node', '/usr/local/bin/npm', 'install' ]
2 info using npm@3.10.8
3 info using node@v5.3.0
4 silly loadCurrentTree Starting
5 silly install loadCurrentTree
6 silly install readLocalPackageData
7 silly install normalizeTree
8 silly loadCurrentTree Finishing
9 silly loadIdealTree Starting
10 silly install loadIdealTree
11 silly cloneCurrentTree Starting
12 silly install cloneCurrentTreeToIdealTree
13 silly cloneCurrentTree Finishing
14 silly loadShrinkwrap Starting
15 silly install loadShrinkwrap
16 silly loadShrinkwrap Finishing
17 silly loadAllDepsIntoIdealTree Starting
18 silly install loadAllDepsIntoIdealTree
19 silly fetchOtherPackageData facebook-connect-plugin@https://raw.githubusercontent.com/Wizcorp/phonegap-facebook-plugin/master/www/js/facebookConnectPlugin.js
20 silly cache add args [ 'facebook-connect-plugin@https://raw.githubusercontent.com/Wizcorp/phonegap-facebook-plugin/master/www/js/facebookConnectPlugin.js',
20 silly cache add   null ]
21 verbose cache add spec facebook-connect-plugin@https://raw.githubusercontent.com/Wizcorp/phonegap-facebook-plugin/master/www/js/facebookConnectPlugin.js
22 silly cache add parsed spec Result {
22 silly cache add   raw: 'facebook-connect-plugin@https://raw.githubusercontent.com/Wizcorp/phonegap-facebook-plugin/master/www/js/facebookConnectPlugin.js',
22 silly cache add   scope: null,
22 silly cache add   escapedName: 'facebook-connect-plugin',
22 silly cache add   name: 'facebook-connect-plugin',
22 silly cache add   rawSpec: 'https://raw.githubusercontent.com/Wizcorp/phonegap-facebook-plugin/master/www/js/facebookConnectPlugin.js',
22 silly cache add   spec: 'https://raw.githubusercontent.com/Wizcorp/phonegap-facebook-plugin/master/www/js/facebookConnectPlugin.js',
22 silly cache add   type: 'remote' }
23 silly mapToRegistry name facebook-connect-plugin@https://raw.githubusercontent.com/Wizcorp/phonegap-facebook-plugin/master/www/js/facebookConnectPlugin.js
24 silly mapToRegistry using default registry
25 silly mapToRegistry registry https://registry.npmjs.org/
26 silly mapToRegistry data Result {
26 silly mapToRegistry   raw: 'facebook-connect-plugin@https://raw.githubusercontent.com/Wizcorp/phonegap-facebook-plugin/master/www/js/facebookConnectPlugin.js',
26 silly mapToRegistry   scope: null,
26 silly mapToRegistry   escapedName: 'facebook-connect-plugin',
26 silly mapToRegistry   name: 'facebook-connect-plugin',
26 silly mapToRegistry   rawSpec: 'https://raw.githubusercontent.com/Wizcorp/phonegap-facebook-plugin/master/www/js/facebookConnectPlugin.js',
26 silly mapToRegistry   spec: 'https://raw.githubusercontent.com/Wizcorp/phonegap-facebook-plugin/master/www/js/facebookConnectPlugin.js',
26 silly mapToRegistry   type: 'remote' }
27 silly mapToRegistry uri https://raw.githubusercontent.com/Wizcorp/phonegap-facebook-plugin/master/www/js/facebookConnectPlugin.js
28 verbose addRemoteTarball https://raw.githubusercontent.com/Wizcorp/phonegap-facebook-plugin/master/www/js/facebookConnectPlugin.js not in flight; adding
29 verbose addRemoteTarball [ 'https://raw.githubusercontent.com/Wizcorp/phonegap-facebook-plugin/master/www/js/facebookConnectPlugin.js',
29 verbose addRemoteTarball   null ]
30 info retry fetch attempt 1 at 22:00:25
31 info attempt registry request try #1 at 22:00:25
32 http fetch GET https://raw.githubusercontent.com/Wizcorp/phonegap-facebook-plugin/master/www/js/facebookConnectPlugin.js
33 verbose request id 4e1fbb259a5404b6
34 http fetch 404 https://raw.githubusercontent.com/Wizcorp/phonegap-facebook-plugin/master/www/js/facebookConnectPlugin.js
35 error fetch failed https://raw.githubusercontent.com/Wizcorp/phonegap-facebook-plugin/master/www/js/facebookConnectPlugin.js
36 warn retry will retry, error on last attempt: Error: fetch failed with status code 404
37 info retry fetch attempt 2 at 22:00:35
38 info attempt registry request try #1 at 22:00:35
39 http fetch GET https://raw.githubusercontent.com/Wizcorp/phonegap-facebook-plugin/master/www/js/facebookConnectPlugin.js
40 http fetch 404 https://raw.githubusercontent.com/Wizcorp/phonegap-facebook-plugin/master/www/js/facebookConnectPlugin.js
41 error fetch failed https://raw.githubusercontent.com/Wizcorp/phonegap-facebook-plugin/master/www/js/facebookConnectPlugin.js
42 warn retry will retry, error on last attempt: Error: fetch failed with status code 404
43 info retry fetch attempt 3 at 22:01:36
44 info attempt registry request try #1 at 22:01:36
45 http fetch GET https://raw.githubusercontent.com/Wizcorp/phonegap-facebook-plugin/master/www/js/facebookConnectPlugin.js
46 http fetch 404 https://raw.githubusercontent.com/Wizcorp/phonegap-facebook-plugin/master/www/js/facebookConnectPlugin.js
47 error fetch failed https://raw.githubusercontent.com/Wizcorp/phonegap-facebook-plugin/master/www/js/facebookConnectPlugin.js
48 silly fetchPackageMetaData Error: fetch failed with status code 404
48 silly fetchPackageMetaData     at Request.<anonymous> (/usr/local/lib/node_modules/npm/node_modules/npm-registry-client/lib/fetch.js:51:14)
48 silly fetchPackageMetaData     at emitOne (events.js:77:13)
48 silly fetchPackageMetaData     at Request.emit (events.js:169:7)
48 silly fetchPackageMetaData     at Request.onRequestResponse (/usr/local/lib/node_modules/npm/node_modules/request/request.js:954:10)
48 silly fetchPackageMetaData     at emitOne (events.js:77:13)
48 silly fetchPackageMetaData     at ClientRequest.emit (events.js:169:7)
48 silly fetchPackageMetaData     at HTTPParser.parserOnIncomingClient [as onIncoming] (_http_client.js:421:21)
48 silly fetchPackageMetaData     at HTTPParser.parserOnHeadersComplete (_http_common.js:88:23)
48 silly fetchPackageMetaData     at TLSSocket.socketOnData (_http_client.js:311:20)
48 silly fetchPackageMetaData     at emitOne (events.js:77:13)
48 silly fetchPackageMetaData  error for facebook-connect-plugin@https://raw.githubusercontent.com/Wizcorp/phonegap-facebook-plugin/master/www/js/facebookConnectPlugin.js [Error: fetch failed with status code 404]
49 silly rollbackFailedOptional Starting
50 silly rollbackFailedOptional Finishing
51 silly runTopLevelLifecycles Finishing
52 silly install printInstalled
53 verbose stack Error: fetch failed with status code 404
53 verbose stack     at Request.<anonymous> (/usr/local/lib/node_modules/npm/node_modules/npm-registry-client/lib/fetch.js:51:14)
53 verbose stack     at emitOne (events.js:77:13)
53 verbose stack     at Request.emit (events.js:169:7)
53 verbose stack     at Request.onRequestResponse (/usr/local/lib/node_modules/npm/node_modules/request/request.js:954:10)
53 verbose stack     at emitOne (events.js:77:13)
53 verbose stack     at ClientRequest.emit (events.js:169:7)
53 verbose stack     at HTTPParser.parserOnIncomingClient [as onIncoming] (_http_client.js:421:21)
53 verbose stack     at HTTPParser.parserOnHeadersComplete (_http_common.js:88:23)
53 verbose stack     at TLSSocket.socketOnData (_http_client.js:311:20)
53 verbose stack     at emitOne (events.js:77:13)
54 verbose cwd /Volumes/Macintosh HD/DAM/Projets/equilibre/front/equilibre
55 error Darwin 14.5.0
56 error argv "/usr/local/bin/node" "/usr/local/bin/npm" "install"
57 error node v5.3.0
58 error npm  v3.10.8
59 error fetch failed with status code 404
60 error If you need help, you may report this error at:
60 error     <https://github.com/npm/npm/issues>
61 verbose exit [ 1, true ]
